[2022-02-20 20:30:48] local.ERROR: Call to a member function getBody() on array {"exception":"[object] (Error(code: 0): Call to a member function getBody() on array at /Users/olubiyomayowa/Documents/BMA/base-campaign-service/app/Http/Controllers/WeeklyLeaderboardController.php:27)
[stacktrace]
#0 /Users/olubiyomayowa/Documents/BMA/base-campaign-service/vendor/illuminate/container/BoundMethod.php(36): App\\Http\\Controllers\\WeeklyLeaderboardController->index()
#1 /Users/olubiyomayowa/Documents/BMA/base-campaign-service/vendor/illuminate/container/Util.php(40): Illuminate\\Container\\BoundMethod::Illuminate\\Container\\{closure}()
#2 /Users/olubiyomayowa/Documents/BMA/base-campaign-service/vendor/illuminate/container/BoundMethod.php(93): Illuminate\\Container\\Util::unwrapIfClosure(Object(Closure))
#3 /Users/olubiyomayowa/Documents/BMA/base-campaign-service/vendor/illuminate/container/BoundMethod.php(37): Illuminate\\Container\\BoundMethod::callBoundMethod(Object(Laravel\\Lumen\\Application), Array, Object(Closure))
#4 /Users/olubiyomayowa/Documents/BMA/base-campaign-service/vendor/illuminate/container/Container.php(614): Illuminate\\Container\\BoundMethod::call(Object(Laravel\\Lumen\\Application), Array, Array, NULL)
#5 /Users/olubiyomayowa/Documents/BMA/base-campaign-service/vendor/laravel/lumen-framework/src/Concerns/RoutesRequests.php(386): Illuminate\\Container\\Container->call(Array, Array)
#6 /Users/olubiyomayowa/Documents/BMA/base-campaign-service/vendor/laravel/lumen-framework/src/Concerns/RoutesRequests.php(352): Laravel\\Lumen\\Application->callControllerCallable(Array, Array)
#7 /Users/olubiyomayowa/Documents/BMA/base-campaign-service/vendor/laravel/lumen-framework/src/Concerns/RoutesRequests.php(326): Laravel\\Lumen\\Application->callLumenController(Object(App\\Http\\Controllers\\WeeklyLeaderboardController), 'index', Array)
#8 /Users/olubiyomayowa/Documents/BMA/base-campaign-service/vendor/laravel/lumen-framework/src/Concerns/RoutesRequests.php(279): Laravel\\Lumen\\Application->callControllerAction(Array)
#9 /Users/olubiyomayowa/Documents/BMA/base-campaign-service/vendor/laravel/lumen-framework/src/Concerns/RoutesRequests.php(264): Laravel\\Lumen\\Application->callActionOnArrayBasedRoute(Array)
#10 /Users/olubiyomayowa/Documents/BMA/base-campaign-service/vendor/laravel/lumen-framework/src/Concerns/RoutesRequests.php(166): Laravel\\Lumen\\Application->handleFoundRoute(Array)
#11 /Users/olubiyomayowa/Documents/BMA/base-campaign-service/vendor/laravel/lumen-framework/src/Routing/Pipeline.php(48): Laravel\\Lumen\\Application->Laravel\\Lumen\\Concerns\\{closure}(Object(Laravel\\Lumen\\Http\\Request))
#12 /Users/olubiyomayowa/Documents/BMA/base-campaign-service/app/Http/Middleware/CorsMiddleware.php(31): Laravel\\Lumen\\Routing\\Pipeline->Laravel\\Lumen\\Routing\\{closure}(Object(Laravel\\Lumen\\Http\\Request))
#13 /Users/olubiyomayowa/Documents/BMA/base-campaign-service/vendor/illuminate/pipeline/Pipeline.php(167): App\\Http\\Middleware\\CorsMiddleware->handle(Object(Laravel\\Lumen\\Http\\Request), Object(Closure))
#14 /Users/olubiyomayowa/Documents/BMA/base-campaign-service/vendor/laravel/lumen-framework/src/Routing/Pipeline.php(30): Illuminate\\Pipeline\\Pipeline->Illuminate\\Pipeline\\{closure}(Object(Laravel\\Lumen\\Http\\Request))
#15 /Users/olubiyomayowa/Documents/BMA/base-campaign-service/vendor/illuminate/pipeline/Pipeline.php(103): Laravel\\Lumen\\Routing\\Pipeline->Laravel\\Lumen\\Routing\\{closure}(Object(Laravel\\Lumen\\Http\\Request))
#16 /Users/olubiyomayowa/Documents/BMA/base-campaign-service/vendor/laravel/lumen-framework/src/Concerns/RoutesRequests.php(423): Illuminate\\Pipeline\\Pipeline->then(Object(Closure))
#17 /Users/olubiyomayowa/Documents/BMA/base-campaign-service/vendor/laravel/lumen-framework/src/Concerns/RoutesRequests.php(172): Laravel\\Lumen\\Application->sendThroughPipeline(Array, Object(Closure))
#18 /Users/olubiyomayowa/Documents/BMA/base-campaign-service/vendor/laravel/lumen-framework/src/Concerns/RoutesRequests.php(109): Laravel\\Lumen\\Application->dispatch(NULL)
#19 /Users/olubiyomayowa/Documents/BMA/base-campaign-service/public/index.php(28): Laravel\\Lumen\\Application->run()
#20 {main}
"} 
[2022-02-20 20:32:44] local.ERROR: Call to a member function getBody() on array {"exception":"[object] (Error(code: 0): Call to a member function getBody() on array at /Users/olubiyomayowa/Documents/BMA/base-campaign-service/app/Http/Controllers/WeeklyLeaderboardController.php:27)
[stacktrace]
#0 /Users/olubiyomayowa/Documents/BMA/base-campaign-service/vendor/illuminate/container/BoundMethod.php(36): App\\Http\\Controllers\\WeeklyLeaderboardController->index()
#1 /Users/olubiyomayowa/Documents/BMA/base-campaign-service/vendor/illuminate/container/Util.php(40): Illuminate\\Container\\BoundMethod::Illuminate\\Container\\{closure}()
#2 /Users/olubiyomayowa/Documents/BMA/base-campaign-service/vendor/illuminate/container/BoundMethod.php(93): Illuminate\\Container\\Util::unwrapIfClosure(Object(Closure))
#3 /Users/olubiyomayowa/Documents/BMA/base-campaign-service/vendor/illuminate/container/BoundMethod.php(37): Illuminate\\Container\\BoundMethod::callBoundMethod(Object(Laravel\\Lumen\\Application), Array, Object(Closure))
#4 /Users/olubiyomayowa/Documents/BMA/base-campaign-service/vendor/illuminate/container/Container.php(614): Illuminate\\Container\\BoundMethod::call(Object(Laravel\\Lumen\\Application), Array, Array, NULL)
#5 /Users/olubiyomayowa/Documents/BMA/base-campaign-service/vendor/laravel/lumen-framework/src/Concerns/RoutesRequests.php(386): Illuminate\\Container\\Container->call(Array, Array)
#6 /Users/olubiyomayowa/Documents/BMA/base-campaign-service/vendor/laravel/lumen-framework/src/Concerns/RoutesRequests.php(352): Laravel\\Lumen\\Application->callControllerCallable(Array, Array)
#7 /Users/olubiyomayowa/Documents/BMA/base-campaign-service/vendor/laravel/lumen-framework/src/Concerns/RoutesRequests.php(326): Laravel\\Lumen\\Application->callLumenController(Object(App\\Http\\Controllers\\WeeklyLeaderboardController), 'index', Array)
#8 /Users/olubiyomayowa/Documents/BMA/base-campaign-service/vendor/laravel/lumen-framework/src/Concerns/RoutesRequests.php(279): Laravel\\Lumen\\Application->callControllerAction(Array)
#9 /Users/olubiyomayowa/Documents/BMA/base-campaign-service/vendor/laravel/lumen-framework/src/Concerns/RoutesRequests.php(264): Laravel\\Lumen\\Application->callActionOnArrayBasedRoute(Array)
#10 /Users/olubiyomayowa/Documents/BMA/base-campaign-service/vendor/laravel/lumen-framework/src/Concerns/RoutesRequests.php(166): Laravel\\Lumen\\Application->handleFoundRoute(Array)
#11 /Users/olubiyomayowa/Documents/BMA/base-campaign-service/vendor/laravel/lumen-framework/src/Routing/Pipeline.php(48): Laravel\\Lumen\\Application->Laravel\\Lumen\\Concerns\\{closure}(Object(Laravel\\Lumen\\Http\\Request))
#12 /Users/olubiyomayowa/Documents/BMA/base-campaign-service/app/Http/Middleware/CorsMiddleware.php(31): Laravel\\Lumen\\Routing\\Pipeline->Laravel\\Lumen\\Routing\\{closure}(Object(Laravel\\Lumen\\Http\\Request))
#13 /Users/olubiyomayowa/Documents/BMA/base-campaign-service/vendor/illuminate/pipeline/Pipeline.php(167): App\\Http\\Middleware\\CorsMiddleware->handle(Object(Laravel\\Lumen\\Http\\Request), Object(Closure))
#14 /Users/olubiyomayowa/Documents/BMA/base-campaign-service/vendor/laravel/lumen-framework/src/Routing/Pipeline.php(30): Illuminate\\Pipeline\\Pipeline->Illuminate\\Pipeline\\{closure}(Object(Laravel\\Lumen\\Http\\Request))
#15 /Users/olubiyomayowa/Documents/BMA/base-campaign-service/vendor/illuminate/pipeline/Pipeline.php(103): Laravel\\Lumen\\Routing\\Pipeline->Laravel\\Lumen\\Routing\\{closure}(Object(Laravel\\Lumen\\Http\\Request))
#16 /Users/olubiyomayowa/Documents/BMA/base-campaign-service/vendor/laravel/lumen-framework/src/Concerns/RoutesRequests.php(423): Illuminate\\Pipeline\\Pipeline->then(Object(Closure))
#17 /Users/olubiyomayowa/Documents/BMA/base-campaign-service/vendor/laravel/lumen-framework/src/Concerns/RoutesRequests.php(172): Laravel\\Lumen\\Application->sendThroughPipeline(Array, Object(Closure))
#18 /Users/olubiyomayowa/Documents/BMA/base-campaign-service/vendor/laravel/lumen-framework/src/Concerns/RoutesRequests.php(109): Laravel\\Lumen\\Application->dispatch(NULL)
#19 /Users/olubiyomayowa/Documents/BMA/base-campaign-service/public/index.php(28): Laravel\\Lumen\\Application->run()
#20 {main}
"} 
